<?xml version="1.0" encoding="UTF-8"?>
<!-- Generated by org.testng.reporters.JUnitXMLReporter -->
<testsuite ignored="3" hostname="Ganesh" failures="0" tests="5" name="SaleforcreRestAPI" time="5.777" errors="0" timestamp="14 Sep 2022 02:01:14 GMT">
  <testcase classname="chain.CreateLead" name="createLead" time="1.538"/>
  <testcase classname="chain.UpdateLead" name="updateLead" time="1.09"/>
  <testcase classname="chain.GetLead" name="getLead" time="0.937"/>
  <testcase classname="chain.DeleteLead" name="deleteLead" time="1.02"/>
  <testcase classname="chain.DeleteLead" name="validateDeletedLead" time="0.938"/>
  <testcase classname="chain.TestNGSetup" name="@BeforeSuite before" time="0.0">
    <ignored/>
  </testcase> <!-- @BeforeSuite before -->
  <testcase classname="chain.TestNGSetup" name="@BeforeSuite before" time="0.0">
    <ignored/>
  </testcase> <!-- @BeforeSuite before -->
  <testcase classname="chain.TestNGSetup" name="@BeforeSuite before" time="0.0">
    <ignored/>
  </testcase> <!-- @BeforeSuite before -->
</testsuite> <!-- SaleforcreRestAPI -->
