<?xml version="1.0" encoding="UTF-8"?>
<testng-results ignored="3" total="8" passed="5" failed="0" skipped="0">
  <reporter-output>
  </reporter-output>
  <suite started-at="2022-09-14T02:01:08Z" name="Suite" finished-at="2022-09-14T02:01:14Z" duration-ms="5777">
    <groups>
    </groups>
    <test started-at="2022-09-14T02:01:08Z" name="SaleforcreRestAPI" finished-at="2022-09-14T02:01:14Z" duration-ms="5777">
      <class name="chain.GetLead">
        <test-method signature="getLead()[pri:0, instance:chain.GetLead@376e7531]" started-at="2022-09-14T02:01:11Z" name="getLead" finished-at="2022-09-14T02:01:12Z" depends-on-methods="chain.CreateLead.createLead" duration-ms="937" status="PASS">
          <reporter-output>
          </reporter-output>
        </test-method> <!-- getLead -->
        <test-method is-config="true" signature="after()[pri:0, instance:chain.GetLead@376e7531]" started-at="2022-09-14T02:01:12Z" name="after" finished-at="2022-09-14T02:01:12Z" duration-ms="8" status="PASS">
          <reporter-output>
          </reporter-output>
        </test-method> <!-- after -->
      </class> <!-- chain.GetLead -->
      <class name="chain.UpdateLead">
        <test-method signature="updateLead()[pri:0, instance:chain.UpdateLead@26f7cdf8]" started-at="2022-09-14T02:01:10Z" name="updateLead" finished-at="2022-09-14T02:01:11Z" depends-on-methods="chain.CreateLead.createLead" duration-ms="1090" status="PASS">
          <reporter-output>
          </reporter-output>
        </test-method> <!-- updateLead -->
        <test-method is-config="true" signature="after()[pri:0, instance:chain.UpdateLead@26f7cdf8]" started-at="2022-09-14T02:01:11Z" name="after" finished-at="2022-09-14T02:01:11Z" duration-ms="16" status="PASS">
          <reporter-output>
          </reporter-output>
        </test-method> <!-- after -->
      </class> <!-- chain.UpdateLead -->
      <class name="chain.CreateLead">
        <test-method is-config="true" signature="before()[pri:0, instance:chain.CreateLead@75e710b]" started-at="2022-09-14T02:01:04Z" name="before" finished-at="2022-09-14T02:01:08Z" duration-ms="4581" status="PASS">
          <reporter-output>
          </reporter-output>
        </test-method> <!-- before -->
        <test-method signature="createLead()[pri:0, instance:chain.CreateLead@75e710b]" started-at="2022-09-14T02:01:08Z" name="createLead" finished-at="2022-09-14T02:01:10Z" duration-ms="1538" status="PASS">
          <reporter-output>
          </reporter-output>
        </test-method> <!-- createLead -->
        <test-method is-config="true" signature="after()[pri:0, instance:chain.CreateLead@75e710b]" started-at="2022-09-14T02:01:10Z" name="after" finished-at="2022-09-14T02:01:10Z" duration-ms="16" status="PASS">
          <reporter-output>
          </reporter-output>
        </test-method> <!-- after -->
      </class> <!-- chain.CreateLead -->
      <class name="chain.DeleteLead">
        <test-method signature="deleteLead()[pri:0, instance:chain.DeleteLead@23202c31]" started-at="2022-09-14T02:01:12Z" name="deleteLead" finished-at="2022-09-14T02:01:13Z" depends-on-methods="chain.CreateLead.createLead" duration-ms="1020" status="PASS">
          <reporter-output>
          </reporter-output>
        </test-method> <!-- deleteLead -->
        <test-method signature="validateDeletedLead()[pri:0, instance:chain.DeleteLead@23202c31]" started-at="2022-09-14T02:01:13Z" name="validateDeletedLead" finished-at="2022-09-14T02:01:14Z" duration-ms="938" status="PASS">
          <reporter-output>
          </reporter-output>
        </test-method> <!-- validateDeletedLead -->
        <test-method is-config="true" signature="after()[pri:0, instance:chain.DeleteLead@23202c31]" started-at="2022-09-14T02:01:13Z" name="after" finished-at="2022-09-14T02:01:13Z" duration-ms="0" status="PASS">
          <reporter-output>
          </reporter-output>
        </test-method> <!-- after -->
        <test-method is-config="true" signature="after()[pri:0, instance:chain.DeleteLead@23202c31]" started-at="2022-09-14T02:01:14Z" name="after" finished-at="2022-09-14T02:01:14Z" duration-ms="16" status="PASS">
          <reporter-output>
          </reporter-output>
        </test-method> <!-- after -->
      </class> <!-- chain.DeleteLead -->
    </test> <!-- SaleforcreRestAPI -->
  </suite> <!-- Suite -->
</testng-results>
