<?xml version="1.0" encoding="UTF-8"?>
<!-- Generated by org.testng.reporters.JUnitXMLReporter -->
<testsuite ignored="3" hostname="Ganesh" failures="0" tests="5" name="SaleforcreRestAPI" time="7.037" errors="0" timestamp="2022-09-13T21:33:33 EDT">
  <testcase classname="chain.CreateLead" name="createLead" time="2.154"/>
  <testcase classname="chain.UpdateLead" name="updateLead" time="1.092"/>
  <testcase classname="chain.GetLead" name="getLead" time="1.031"/>
  <testcase classname="chain.DeleteLead" name="deleteLead" time="1.442"/>
  <testcase classname="chain.DeleteLead" name="validateDeletedLead" time="0.917"/>
  <testcase classname="chain.TestNGSetup" name="@BeforeSuite before" time="0.0">
    <ignored/>
  </testcase> <!-- @BeforeSuite before -->
  <testcase classname="chain.TestNGSetup" name="@BeforeSuite before" time="0.0">
    <ignored/>
  </testcase> <!-- @BeforeSuite before -->
  <testcase classname="chain.TestNGSetup" name="@BeforeSuite before" time="0.0">
    <ignored/>
  </testcase> <!-- @BeforeSuite before -->
</testsuite> <!-- SaleforcreRestAPI -->
