<?xml version="1.0" encoding="UTF-8"?>
<!-- Generated by org.testng.reporters.JUnitXMLReporter -->
<testsuite ignored="3" hostname="Ganesh" failures="0" tests="5" name="Test" time="8.069" errors="0" timestamp="2022-09-14T22:34:42 EDT">
  <testcase classname="chain.CreateContact" name="createContact" time="2.219"/>
  <testcase classname="chain.UpdateContact" name="updateContact" time="1.034"/>
  <testcase classname="chain.GetContact" name="getContact" time="1.583"/>
  <testcase classname="chain.DeleteContact" name="deleteContact" time="1.141"/>
  <testcase classname="chain.DeleteContact" name="validateDeletedContact" time="1.223"/>
  <testcase classname="chain.TestNGSetup" name="@BeforeSuite before" time="0.0">
    <ignored/>
  </testcase> <!-- @BeforeSuite before -->
  <testcase classname="chain.TestNGSetup" name="@BeforeSuite before" time="0.0">
    <ignored/>
  </testcase> <!-- @BeforeSuite before -->
  <testcase classname="chain.TestNGSetup" name="@BeforeSuite before" time="0.0">
    <ignored/>
  </testcase> <!-- @BeforeSuite before -->
</testsuite> <!-- Test -->
