<?xml version="1.0" encoding="UTF-8"?>
<!-- Generated by org.testng.reporters.JUnitXMLReporter -->
<testsuite ignored="1" hostname="Ganesh" failures="0" tests="2" name="Default test" time="5.233" errors="0" timestamp="2022-09-14T22:23:44 EDT">
  <testcase classname="chain.Createcontact" name="createContact" time="2.434"/>
  <testcase classname="chain.GetContact" name="getContact" time="1.866"/>
  <testcase classname="chain.TestNGSetup" name="@BeforeSuite before" time="0.0">
    <ignored/>
  </testcase> <!-- @BeforeSuite before -->
</testsuite> <!-- Default test -->
